{"D:\\rs_react\\React-2026-Q2\\class-components\\src\\components\\Button\\Button.tsx": {"path":"D:\\rs_react\\React-2026-Q2\\class-components\\src\\components\\Button\\Button.tsx","statementMap":{"0":{"start":{"line":13,"column":34},"end":{"line":13,"column":null}},"1":{"start":{"line":15,"column":4},"end":{"line":19,"column":null}}},"fnMap":{"0":{"name":"(anonymous_0)","decl":{"start":{"line":12,"column":2},"end":{"line":12,"column":11}},"loc":{"start":{"line":12,"column":11},"end":{"line":19,"column":null}},"line":12}},"branchMap":{},"s":{"0":41,"1":41},"f":{"0":41},"b":{},"meta":{"lastBranch":0,"lastFunction":1,"lastStatement":2,"seen":{"f:12:2:12:11":0,"s:13:34:13:Infinity":0,"s:15:4:19:Infinity":1}}}
,"D:\\rs_react\\React-2026-Q2\\class-components\\src\\components\\CharacterCard\\CharacterCard.tsx": {"path":"D:\\rs_react\\React-2026-Q2\\class-components\\src\\components\\CharacterCard\\CharacterCard.tsx","statementMap":{"0":{"start":{"line":13,"column":31},"end":{"line":13,"column":null}},"1":{"start":{"line":15,"column":4},"end":{"line":29,"column":null}}},"fnMap":{"0":{"name":"(anonymous_0)","decl":{"start":{"line":12,"column":2},"end":{"line":12,"column":11}},"loc":{"start":{"line":12,"column":11},"end":{"line":29,"column":null}},"line":12}},"branchMap":{},"s":{"0":4,"1":4},"f":{"0":4},"b":{},"meta":{"lastBranch":0,"lastFunction":1,"lastStatement":2,"seen":{"f:12:2:12:11":0,"s:13:31:13:Infinity":0,"s:15:4:29:Infinity":1}}}
,"D:\\rs_react\\React-2026-Q2\\class-components\\src\\components\\ErrorBoundary\\ErrorBoundary.tsx": {"path":"D:\\rs_react\\React-2026-Q2\\class-components\\src\\components\\ErrorBoundary\\ErrorBoundary.tsx","statementMap":{"0":{"start":{"line":7,"column":10},"end":{"line":8,"column":null}},"1":{"start":{"line":12,"column":4},"end":{"line":12,"column":null}},"2":{"start":{"line":16,"column":4},"end":{"line":16,"column":null}},"3":{"start":{"line":20,"column":4},"end":{"line":20,"column":null}},"4":{"start":{"line":24,"column":4},"end":{"line":28,"column":null}},"5":{"start":{"line":25,"column":6},"end":{"line":28,"column":null}},"6":{"start":{"line":28,"column":64},"end":{"line":28,"column":88}},"7":{"start":{"line":33,"column":4},"end":{"line":33,"column":null}}},"fnMap":{"0":{"name":"(anonymous_0)","decl":{"start":{"line":11,"column":9},"end":{"line":11,"column":36}},"loc":{"start":{"line":11,"column":36},"end":{"line":12,"column":null}},"line":11},"1":{"name":"(anonymous_1)","decl":{"start":{"line":15,"column":2},"end":{"line":15,"column":20}},"loc":{"start":{"line":15,"column":62},"end":{"line":16,"column":null}},"line":15},"2":{"name":"(anonymous_2)","decl":{"start":{"line":19,"column":2},"end":{"line":19,"column":19}},"loc":{"start":{"line":19,"column":19},"end":{"line":20,"column":null}},"line":19},"3":{"name":"(anonymous_3)","decl":{"start":{"line":23,"column":2},"end":{"line":23,"column":11}},"loc":{"start":{"line":23,"column":11},"end":{"line":33,"column":null}},"line":23},"4":{"name":"(anonymous_4)","decl":{"start":{"line":28,"column":49},"end":{"line":28,"column":64}},"loc":{"start":{"line":28,"column":64},"end":{"line":28,"column":88}},"line":28}},"branchMap":{"0":{"loc":{"start":{"line":24,"column":4},"end":{"line":28,"column":null}},"type":"if","locations":[{"start":{"line":24,"column":4},"end":{"line":28,"column":null}},{"start":{},"end":{}}],"line":24}},"s":{"0":6,"1":6,"2":3,"3":1,"4":14,"5":6,"6":1,"7":8},"f":{"0":6,"1":3,"2":1,"3":14,"4":1},"b":{"0":[6,8]},"meta":{"lastBranch":1,"lastFunction":5,"lastStatement":8,"seen":{"s:7:10:8:Infinity":0,"f:11:9:11:36":0,"s:12:4:12:Infinity":1,"f:15:2:15:20":1,"s:16:4:16:Infinity":2,"f:19:2:19:19":2,"s:20:4:20:Infinity":3,"f:23:2:23:11":3,"b:24:4:28:Infinity:undefined:undefined:undefined:undefined":0,"s:24:4:28:Infinity":4,"s:25:6:28:Infinity":5,"f:28:49:28:64":4,"s:28:64:28:88":6,"s:33:4:33:Infinity":7}}}
,"D:\\rs_react\\React-2026-Q2\\class-components\\src\\components\\Header\\Header.tsx": {"path":"D:\\rs_react\\React-2026-Q2\\class-components\\src\\components\\Header\\Header.tsx","statementMap":{"0":{"start":{"line":14,"column":10},"end":{"line":17,"column":null}},"1":{"start":{"line":19,"column":2},"end":{"line":25,"column":null}},"2":{"start":{"line":28,"column":2},"end":{"line":29,"column":null}},"3":{"start":{"line":20,"column":4},"end":{"line":20,"column":null}},"4":{"start":{"line":21,"column":18},"end":{"line":21,"column":47}},"5":{"start":{"line":22,"column":22},"end":{"line":22,"column":56}},"6":{"start":{"line":23,"column":4},"end":{"line":23,"column":null}},"7":{"start":{"line":25,"column":4},"end":{"line":25,"column":null}},"8":{"start":{"line":25,"column":29},"end":{"line":25,"column":null}},"9":{"start":{"line":29,"column":4},"end":{"line":29,"column":null}},"10":{"start":{"line":33,"column":4},"end":{"line":33,"column":null}},"11":{"start":{"line":37,"column":4},"end":{"line":37,"column":null}},"12":{"start":{"line":37,"column":29},"end":{"line":37,"column":null}},"13":{"start":{"line":39,"column":4},"end":{"line":49,"column":null}},"14":{"start":{"line":49,"column":63},"end":{"line":49,"column":83}}},"fnMap":{"0":{"name":"(anonymous_0)","decl":{"start":{"line":19,"column":2},"end":{"line":19,"column":18}},"loc":{"start":{"line":19,"column":51},"end":{"line":25,"column":null}},"line":19},"1":{"name":"(anonymous_1)","decl":{"start":{"line":28,"column":2},"end":{"line":28,"column":18}},"loc":{"start":{"line":28,"column":71},"end":{"line":29,"column":null}},"line":28},"2":{"name":"(anonymous_2)","decl":{"start":{"line":32,"column":2},"end":{"line":32,"column":14}},"loc":{"start":{"line":32,"column":14},"end":{"line":33,"column":null}},"line":32},"3":{"name":"(anonymous_3)","decl":{"start":{"line":36,"column":2},"end":{"line":36,"column":11}},"loc":{"start":{"line":36,"column":11},"end":{"line":49,"column":null}},"line":36},"4":{"name":"(anonymous_4)","decl":{"start":{"line":49,"column":48},"end":{"line":49,"column":63}},"loc":{"start":{"line":49,"column":63},"end":{"line":49,"column":83}},"line":49}},"branchMap":{"0":{"loc":{"start":{"line":25,"column":4},"end":{"line":25,"column":null}},"type":"if","locations":[{"start":{"line":25,"column":4},"end":{"line":25,"column":null}},{"start":{},"end":{}}],"line":25},"1":{"loc":{"start":{"line":37,"column":4},"end":{"line":37,"column":null}},"type":"if","locations":[{"start":{"line":37,"column":4},"end":{"line":37,"column":null}},{"start":{},"end":{}}],"line":37}},"s":{"0":7,"1":2,"2":10,"3":2,"4":2,"5":2,"6":2,"7":2,"8":1,"9":10,"10":1,"11":19,"12":2,"13":17,"14":1},"f":{"0":2,"1":10,"2":1,"3":19,"4":1},"b":{"0":[1,1],"1":[2,17]},"meta":{"lastBranch":2,"lastFunction":5,"lastStatement":15,"seen":{"s:14:10:17:Infinity":0,"s:19:2:25:Infinity":1,"s:28:2:29:Infinity":2,"f:19:2:19:18":0,"s:20:4:20:Infinity":3,"s:21:18:21:47":4,"s:22:22:22:56":5,"s:23:4:23:Infinity":6,"b:25:4:25:Infinity:undefined:undefined:undefined:undefined":0,"s:25:4:25:Infinity":7,"s:25:29:25:Infinity":8,"f:28:2:28:18":1,"s:29:4:29:Infinity":9,"f:32:2:32:14":2,"s:33:4:33:Infinity":10,"f:36:2:36:11":3,"b:37:4:37:Infinity:undefined:undefined:undefined:undefined":1,"s:37:4:37:Infinity":11,"s:37:29:37:Infinity":12,"s:39:4:49:Infinity":13,"f:49:48:49:63":4,"s:49:63:49:83":14}}}
,"D:\\rs_react\\React-2026-Q2\\class-components\\src\\components\\Loader\\Loader.tsx": {"path":"D:\\rs_react\\React-2026-Q2\\class-components\\src\\components\\Loader\\Loader.tsx","statementMap":{"0":{"start":{"line":6,"column":4},"end":{"line":9,"column":null}}},"fnMap":{"0":{"name":"(anonymous_0)","decl":{"start":{"line":5,"column":2},"end":{"line":5,"column":11}},"loc":{"start":{"line":5,"column":11},"end":{"line":9,"column":null}},"line":5}},"branchMap":{},"s":{"0":1},"f":{"0":1},"b":{},"meta":{"lastBranch":0,"lastFunction":1,"lastStatement":1,"seen":{"f:5:2:5:11":0,"s:6:4:9:Infinity":0}}}
,"D:\\rs_react\\React-2026-Q2\\class-components\\src\\components\\ResultContainer\\ResultContainer.tsx": {"path":"D:\\rs_react\\React-2026-Q2\\class-components\\src\\components\\ResultContainer\\ResultContainer.tsx","statementMap":{"0":{"start":{"line":13,"column":23},"end":{"line":13,"column":null}},"1":{"start":{"line":14,"column":4},"end":{"line":26,"column":null}},"2":{"start":{"line":19,"column":10},"end":{"line":24,"column":null}}},"fnMap":{"0":{"name":"(anonymous_0)","decl":{"start":{"line":12,"column":2},"end":{"line":12,"column":11}},"loc":{"start":{"line":12,"column":11},"end":{"line":26,"column":null}},"line":12},"1":{"name":"(anonymous_1)","decl":{"start":{"line":18,"column":23},"end":{"line":18,"column":28}},"loc":{"start":{"line":18,"column":49},"end":{"line":24,"column":null}},"line":18}},"branchMap":{"0":{"loc":{"start":{"line":16,"column":9},"end":{"line":24,"column":null}},"type":"cond-expr","locations":[{"start":{"line":17,"column":12},"end":{"line":18,"column":23}},{"start":{"line":18,"column":12},"end":{"line":24,"column":null}}],"line":16},"1":{"loc":{"start":{"line":20,"column":17},"end":{"line":20,"column":null}},"type":"binary-expr","locations":[{"start":{"line":20,"column":17},"end":{"line":20,"column":33}},{"start":{"line":20,"column":33},"end":{"line":20,"column":null}}],"line":20}},"s":{"0":3,"1":3,"2":2},"f":{"0":3,"1":2},"b":{"0":[1,2],"1":[2,1]},"meta":{"lastBranch":2,"lastFunction":2,"lastStatement":3,"seen":{"f:12:2:12:11":0,"s:13:23:13:Infinity":0,"s:14:4:26:Infinity":1,"b:17:12:18:23:18:12:24:Infinity":0,"f:18:23:18:28":1,"s:19:10:24:Infinity":2,"b:20:17:20:33:20:33:20:Infinity":1}}}
,"D:\\rs_react\\React-2026-Q2\\class-components\\src\\components\\ResultContainer\\ResultContainerError.tsx": {"path":"D:\\rs_react\\React-2026-Q2\\class-components\\src\\components\\ResultContainer\\ResultContainerError.tsx","statementMap":{"0":{"start":{"line":5,"column":4},"end":{"line":10,"column":null}}},"fnMap":{"0":{"name":"(anonymous_0)","decl":{"start":{"line":4,"column":2},"end":{"line":4,"column":11}},"loc":{"start":{"line":4,"column":11},"end":{"line":10,"column":null}},"line":4}},"branchMap":{},"s":{"0":2},"f":{"0":2},"b":{},"meta":{"lastBranch":0,"lastFunction":1,"lastStatement":1,"seen":{"f:4:2:4:11":0,"s:5:4:10:Infinity":0}}}
,"D:\\rs_react\\React-2026-Q2\\class-components\\src\\config\\api.ts": {"path":"D:\\rs_react\\React-2026-Q2\\class-components\\src\\config\\api.ts","statementMap":{"0":{"start":{"line":1,"column":25},"end":{"line":6,"column":null}}},"fnMap":{},"branchMap":{},"s":{"0":0},"f":{},"b":{},"meta":{"lastBranch":0,"lastFunction":0,"lastStatement":1,"seen":{"s:1:25:6:Infinity":0}}}
,"D:\\rs_react\\React-2026-Q2\\class-components\\src\\config\\localStorage.ts": {"path":"D:\\rs_react\\React-2026-Q2\\class-components\\src\\config\\localStorage.ts","statementMap":{"0":{"start":{"line":1,"column":25},"end":{"line":1,"column":null}}},"fnMap":{},"branchMap":{},"s":{"0":1},"f":{},"b":{},"meta":{"lastBranch":0,"lastFunction":0,"lastStatement":1,"seen":{"s:1:25:1:Infinity":0}}}
,"D:\\rs_react\\React-2026-Q2\\class-components\\src\\pages\\main.tsx": {"path":"D:\\rs_react\\React-2026-Q2\\class-components\\src\\pages\\main.tsx","statementMap":{"0":{"start":{"line":18,"column":25},"end":{"line":21,"column":null}},"1":{"start":{"line":23,"column":17},"end":{"line":32,"column":null}},"2":{"start":{"line":36,"column":22},"end":{"line":48,"column":null}},"3":{"start":{"line":24,"column":4},"end":{"line":24,"column":null}},"4":{"start":{"line":26,"column":4},"end":{"line":32,"column":null}},"5":{"start":{"line":27,"column":19},"end":{"line":27,"column":70}},"6":{"start":{"line":28,"column":6},"end":{"line":28,"column":null}},"7":{"start":{"line":30,"column":6},"end":{"line":30,"column":null}},"8":{"start":{"line":32,"column":6},"end":{"line":32,"column":null}},"9":{"start":{"line":37,"column":23},"end":{"line":37,"column":57}},"10":{"start":{"line":38,"column":4},"end":{"line":48,"column":null}},"11":{"start":{"line":39,"column":6},"end":{"line":39,"column":null}},"12":{"start":{"line":41,"column":6},"end":{"line":41,"column":null}},"13":{"start":{"line":42,"column":6},"end":{"line":48,"column":null}},"14":{"start":{"line":43,"column":21},"end":{"line":43,"column":63}},"15":{"start":{"line":44,"column":8},"end":{"line":44,"column":null}},"16":{"start":{"line":46,"column":8},"end":{"line":46,"column":null}},"17":{"start":{"line":48,"column":8},"end":{"line":48,"column":null}},"18":{"start":{"line":54,"column":4},"end":{"line":58,"column":null}}},"fnMap":{"0":{"name":"(anonymous_0)","decl":{"start":{"line":23,"column":17},"end":{"line":23,"column":24}},"loc":{"start":{"line":23,"column":57},"end":{"line":32,"column":null}},"line":23},"1":{"name":"(anonymous_1)","decl":{"start":{"line":36,"column":22},"end":{"line":36,"column":49}},"loc":{"start":{"line":36,"column":49},"end":{"line":48,"column":null}},"line":36},"2":{"name":"(anonymous_2)","decl":{"start":{"line":53,"column":2},"end":{"line":53,"column":11}},"loc":{"start":{"line":53,"column":11},"end":{"line":58,"column":null}},"line":53}},"branchMap":{"0":{"loc":{"start":{"line":38,"column":4},"end":{"line":48,"column":null}},"type":"if","locations":[{"start":{"line":38,"column":4},"end":{"line":48,"column":null}},{"start":{"line":40,"column":11},"end":{"line":48,"column":null}}],"line":38},"1":{"loc":{"start":{"line":58,"column":10},"end":{"line":58,"column":null}},"type":"cond-expr","locations":[{"start":{"line":58,"column":33},"end":{"line":58,"column":47}},{"start":{"line":58,"column":46},"end":{"line":58,"column":null}}],"line":58}},"s":{"0":0,"1":0,"2":0,"3":0,"4":0,"5":0,"6":0,"7":0,"8":0,"9":0,"10":0,"11":0,"12":0,"13":0,"14":0,"15":0,"16":0,"17":0,"18":0},"f":{"0":0,"1":0,"2":0},"b":{"0":[0,0],"1":[0,0]},"meta":{"lastBranch":2,"lastFunction":3,"lastStatement":19,"seen":{"s:18:25:21:Infinity":0,"s:23:17:32:Infinity":1,"s:36:22:48:Infinity":2,"f:23:17:23:24":0,"s:24:4:24:Infinity":3,"s:26:4:32:Infinity":4,"s:27:19:27:70":5,"s:28:6:28:Infinity":6,"s:30:6:30:Infinity":7,"s:32:6:32:Infinity":8,"f:36:22:36:49":1,"s:37:23:37:57":9,"b:38:4:48:Infinity:40:11:48:Infinity":0,"s:38:4:48:Infinity":10,"s:39:6:39:Infinity":11,"s:41:6:41:Infinity":12,"s:42:6:48:Infinity":13,"s:43:21:43:63":14,"s:44:8:44:Infinity":15,"s:46:8:46:Infinity":16,"s:48:8:48:Infinity":17,"f:53:2:53:11":2,"s:54:4:58:Infinity":18,"b:58:33:58:47:58:46:58:Infinity":1}}}
,"D:\\rs_react\\React-2026-Q2\\class-components\\src\\services\\localStorage.ts": {"path":"D:\\rs_react\\React-2026-Q2\\class-components\\src\\services\\localStorage.ts","statementMap":{"0":{"start":{"line":1,"column":35},"end":{"line":6,"column":null}},"1":{"start":{"line":3,"column":4},"end":{"line":3,"column":null}},"2":{"start":{"line":6,"column":4},"end":{"line":6,"column":null}}},"fnMap":{"0":{"name":"(anonymous_0)","decl":{"start":{"line":2,"column":2},"end":{"line":2,"column":6}},"loc":{"start":{"line":2,"column":27},"end":{"line":3,"column":null}},"line":2},"1":{"name":"(anonymous_1)","decl":{"start":{"line":5,"column":2},"end":{"line":5,"column":6}},"loc":{"start":{"line":5,"column":48},"end":{"line":6,"column":null}},"line":5}},"branchMap":{"0":{"loc":{"start":{"line":3,"column":11},"end":{"line":3,"column":null}},"type":"binary-expr","locations":[{"start":{"line":3,"column":11},"end":{"line":3,"column":36}},{"start":{"line":3,"column":40},"end":{"line":3,"column":null}}],"line":3}},"s":{"0":1,"1":2,"2":1},"f":{"0":2,"1":1},"b":{"0":[2,1]},"meta":{"lastBranch":1,"lastFunction":2,"lastStatement":3,"seen":{"s:1:35:6:Infinity":0,"f:2:2:2:6":0,"s:3:4:3:Infinity":1,"b:3:11:3:36:3:40:3:Infinity":0,"f:5:2:5:6":1,"s:6:4:6:Infinity":2}}}
,"D:\\rs_react\\React-2026-Q2\\class-components\\src\\services\\supernaturalApi.ts": {"path":"D:\\rs_react\\React-2026-Q2\\class-components\\src\\services\\supernaturalApi.ts","statementMap":{"0":{"start":{"line":3,"column":31},"end":{"line":17,"column":null}},"1":{"start":{"line":5,"column":21},"end":{"line":5,"column":104}},"2":{"start":{"line":7,"column":4},"end":{"line":7,"column":null}},"3":{"start":{"line":7,"column":22},"end":{"line":7,"column":null}},"4":{"start":{"line":9,"column":4},"end":{"line":9,"column":null}},"5":{"start":{"line":13,"column":21},"end":{"line":13,"column":110}},"6":{"start":{"line":15,"column":4},"end":{"line":15,"column":null}},"7":{"start":{"line":15,"column":22},"end":{"line":15,"column":null}},"8":{"start":{"line":17,"column":4},"end":{"line":17,"column":null}}},"fnMap":{"0":{"name":"(anonymous_0)","decl":{"start":{"line":4,"column":22},"end":{"line":4,"column":34}},"loc":{"start":{"line":4,"column":34},"end":{"line":9,"column":null}},"line":4},"1":{"name":"(anonymous_1)","decl":{"start":{"line":12,"column":19},"end":{"line":12,"column":26}},"loc":{"start":{"line":12,"column":44},"end":{"line":17,"column":null}},"line":12}},"branchMap":{"0":{"loc":{"start":{"line":7,"column":4},"end":{"line":7,"column":null}},"type":"if","locations":[{"start":{"line":7,"column":4},"end":{"line":7,"column":null}},{"start":{},"end":{}}],"line":7},"1":{"loc":{"start":{"line":15,"column":4},"end":{"line":15,"column":null}},"type":"if","locations":[{"start":{"line":15,"column":4},"end":{"line":15,"column":null}},{"start":{},"end":{}}],"line":15}},"s":{"0":0,"1":0,"2":0,"3":0,"4":0,"5":0,"6":0,"7":0,"8":0},"f":{"0":0,"1":0},"b":{"0":[0,0],"1":[0,0]},"meta":{"lastBranch":2,"lastFunction":2,"lastStatement":9,"seen":{"s:3:31:17:Infinity":0,"f:4:22:4:34":0,"s:5:21:5:104":1,"b:7:4:7:Infinity:undefined:undefined:undefined:undefined":0,"s:7:4:7:Infinity":2,"s:7:22:7:Infinity":3,"s:9:4:9:Infinity":4,"f:12:19:12:26":1,"s:13:21:13:110":5,"b:15:4:15:Infinity:undefined:undefined:undefined:undefined":1,"s:15:4:15:Infinity":6,"s:15:22:15:Infinity":7,"s:17:4:17:Infinity":8}}}
,"D:\\rs_react\\React-2026-Q2\\class-components\\src\\tests\\mocks\\buttonMock.tsx": {"path":"D:\\rs_react\\React-2026-Q2\\class-components\\src\\tests\\mocks\\buttonMock.tsx","statementMap":{"0":{"start":{"line":4,"column":2},"end":{"line":10,"column":null}},"1":{"start":{"line":4,"column":37},"end":{"line":10,"column":5}},"2":{"start":{"line":6,"column":6},"end":{"line":10,"column":5}},"3":{"start":{"line":3,"column":13},"end":{"line":4,"column":5}}},"fnMap":{"0":{"name":"(anonymous_0)","decl":{"start":{"line":4,"column":10},"end":{"line":4,"column":37}},"loc":{"start":{"line":4,"column":37},"end":{"line":10,"column":5}},"line":4},"1":{"name":"(anonymous_1)","decl":{"start":{"line":5,"column":4},"end":{"line":5,"column":14}},"loc":{"start":{"line":6,"column":6},"end":{"line":10,"column":5}},"line":6},"2":{"name":"(anonymous_2)","decl":{"start":{"line":3,"column":13},"end":{"line":3,"column":32}},"loc":{"start":{"line":3,"column":32},"end":{"line":4,"column":5}},"line":3}},"branchMap":{"0":{"loc":{"start":{"line":6,"column":20},"end":{"line":6,"column":47}},"type":"binary-expr","locations":[{"start":{"line":6,"column":20},"end":{"line":6,"column":28}},{"start":{"line":6,"column":28},"end":{"line":6,"column":47}}],"line":6}},"s":{"0":2,"1":0,"2":0,"3":2},"f":{"0":0,"1":0,"2":2},"b":{"0":[0,0]},"meta":{"lastBranch":1,"lastFunction":3,"lastStatement":4,"seen":{"s:4:2:10:Infinity":0,"f:4:10:4:37":0,"s:4:37:10:5":1,"f:5:4:5:14":1,"s:6:6:10:5":2,"b:6:20:6:28:6:28:6:47":0,"s:3:13:4:5":3,"f:3:13:3:32":2}}}
,"D:\\rs_react\\React-2026-Q2\\class-components\\src\\types\\characters.ts": {"path":"D:\\rs_react\\React-2026-Q2\\class-components\\src\\types\\characters.ts","statementMap":{},"fnMap":{},"branchMap":{},"s":{},"f":{},"b":{},"meta":{"lastBranch":0,"lastFunction":0,"lastStatement":0,"seen":{}}}
}
